{"/Users/jamesdenton/codefellows/401/lab-01/lib/arithmetic.js": {"path":"/Users/jamesdenton/codefellows/401/lab-01/lib/arithmetic.js","statementMap":{"0":{"start":{"line":3,"column":17},"end":{"line":3,"column":36}},"1":{"start":{"line":5,"column":0},"end":{"line":8,"column":2}},"2":{"start":{"line":6,"column":2},"end":{"line":6,"column":71}},"3":{"start":{"line":6,"column":57},"end":{"line":6,"column":69}},"4":{"start":{"line":7,"column":2},"end":{"line":7,"column":13}},"5":{"start":{"line":10,"column":0},"end":{"line":13,"column":2}},"6":{"start":{"line":11,"column":2},"end":{"line":11,"column":71}},"7":{"start":{"line":11,"column":57},"end":{"line":11,"column":69}},"8":{"start":{"line":12,"column":2},"end":{"line":12,"column":13}},"9":{"start":{"line":15,"column":0},"end":{"line":18,"column":2}},"10":{"start":{"line":16,"column":2},"end":{"line":16,"column":71}},"11":{"start":{"line":16,"column":57},"end":{"line":16,"column":69}},"12":{"start":{"line":17,"column":2},"end":{"line":17,"column":13}},"13":{"start":{"line":20,"column":0},"end":{"line":23,"column":2}},"14":{"start":{"line":21,"column":2},"end":{"line":21,"column":71}},"15":{"start":{"line":21,"column":57},"end":{"line":21,"column":69}},"16":{"start":{"line":22,"column":2},"end":{"line":22,"column":13}}},"fnMap":{"0":{"name":"(anonymous_0)","decl":{"start":{"line":5,"column":17},"end":{"line":5,"column":18}},"loc":{"start":{"line":5,"column":31},"end":{"line":8,"column":1}},"line":5},"1":{"name":"(anonymous_1)","decl":{"start":{"line":10,"column":22},"end":{"line":10,"column":23}},"loc":{"start":{"line":10,"column":37},"end":{"line":13,"column":1}},"line":10},"2":{"name":"(anonymous_2)","decl":{"start":{"line":15,"column":22},"end":{"line":15,"column":23}},"loc":{"start":{"line":15,"column":37},"end":{"line":18,"column":1}},"line":15},"3":{"name":"(anonymous_3)","decl":{"start":{"line":20,"column":20},"end":{"line":20,"column":21}},"loc":{"start":{"line":20,"column":35},"end":{"line":23,"column":1}},"line":20}},"branchMap":{"0":{"loc":{"start":{"line":6,"column":2},"end":{"line":6,"column":71}},"type":"if","locations":[{"start":{"line":6,"column":2},"end":{"line":6,"column":71}},{"start":{"line":6,"column":2},"end":{"line":6,"column":71}}],"line":6},"1":{"loc":{"start":{"line":6,"column":6},"end":{"line":6,"column":52}},"type":"binary-expr","locations":[{"start":{"line":6,"column":6},"end":{"line":6,"column":27}},{"start":{"line":6,"column":31},"end":{"line":6,"column":52}}],"line":6},"2":{"loc":{"start":{"line":11,"column":2},"end":{"line":11,"column":71}},"type":"if","locations":[{"start":{"line":11,"column":2},"end":{"line":11,"column":71}},{"start":{"line":11,"column":2},"end":{"line":11,"column":71}}],"line":11},"3":{"loc":{"start":{"line":11,"column":6},"end":{"line":11,"column":52}},"type":"binary-expr","locations":[{"start":{"line":11,"column":6},"end":{"line":11,"column":27}},{"start":{"line":11,"column":31},"end":{"line":11,"column":52}}],"line":11},"4":{"loc":{"start":{"line":16,"column":2},"end":{"line":16,"column":71}},"type":"if","locations":[{"start":{"line":16,"column":2},"end":{"line":16,"column":71}},{"start":{"line":16,"column":2},"end":{"line":16,"column":71}}],"line":16},"5":{"loc":{"start":{"line":16,"column":6},"end":{"line":16,"column":52}},"type":"binary-expr","locations":[{"start":{"line":16,"column":6},"end":{"line":16,"column":27}},{"start":{"line":16,"column":31},"end":{"line":16,"column":52}}],"line":16},"6":{"loc":{"start":{"line":21,"column":2},"end":{"line":21,"column":71}},"type":"if","locations":[{"start":{"line":21,"column":2},"end":{"line":21,"column":71}},{"start":{"line":21,"column":2},"end":{"line":21,"column":71}}],"line":21},"7":{"loc":{"start":{"line":21,"column":6},"end":{"line":21,"column":52}},"type":"binary-expr","locations":[{"start":{"line":21,"column":6},"end":{"line":21,"column":27}},{"start":{"line":21,"column":31},"end":{"line":21,"column":52}}],"line":21}},"s":{"0":1,"1":1,"2":7,"3":6,"4":1,"5":1,"6":7,"7":6,"8":1,"9":1,"10":7,"11":6,"12":1,"13":1,"14":8,"15":6,"16":2},"f":{"0":7,"1":7,"2":7,"3":8},"b":{"0":[6,1],"1":[7,1],"2":[6,1],"3":[7,1],"4":[6,1],"5":[7,1],"6":[6,2],"7":[8,2]},"_coverageSchema":"332fd63041d2c1bcb487cc26dd0d5f7d97098a6c","hash":"6a1d4d6e6cdef93272a769823c913b0db9eede28"}
}
